#
# A fatal error has been detected by the Java Runtime Environment:
#
#  EXCEPTION_ACCESS_VIOLATION (0xc0000005) at pc=0x0000016afc5d28c2, pid=13584, tid=30628
#
# JRE version: Java(TM) SE Runtime Environment (19.0.2+7) (build 19.0.2+7-44)
# Java VM: Java HotSpot(TM) 64-Bit Server VM (19.0.2+7-44, mixed mode, emulated-client, sharing, tiered, compressed oops, compressed class ptrs, g1 gc, windows-amd64)
# Problematic frame:
# v  ~BufferBlob::MethodHandles adapters 0x0000016afc5d28c2
#
# No core dump will be written. Minidumps are not enabled by default on client versions of Windows
#
# If you would like to submit a bug report, please visit:
#   https://bugreport.java.com/bugreport/crash.jsp
#

---------------  S U M M A R Y ------------

Command Line: -agentlib:jdwp=transport=dt_socket,address=127.0.0.1:58611,suspend=y,server=n -XX:TieredStopAtLevel=1 -Dspring.output.ansi.enabled=always -Dcom.sun.management.jmxremote -Dspring.jmx.enabled=true -Dspring.liveBeansView.mbeanDomain -Dspring.application.admin.enabled=true -Dmanagement.endpoints.jmx.exposure.include=* -javaagent:C:\Users\user\AppData\Local\JetBrains\IntelliJIdea2022.3\captureAgent\debugger-agent.jar -Dfile.encoding=UTF-8 -Dsun.stdout.encoding=UTF-8 -Dsun.stderr.encoding=UTF-8 com.example.ktpm.KtpmApplication

Host: AMD Ryzen 5 5600H with Radeon Graphics         , 12 cores, 13G,  Windows 11 , 64 bit Build 22621 (10.0.22621.3235)
Time: Wed Apr 10 10:44:10 2024 SE Asia Standard Time elapsed time: 34.354815 seconds (0d 0h 0m 34s)

---------------  T H R E A D  ---------------

Current thread (0x0000016a98a7f960):  JavaThread "http-nio-8080-exec-2" daemon [_thread_in_Java, id=30628, stack(0x000000556f100000,0x000000556f200000)]

Stack: [0x000000556f100000,0x000000556f200000],  sp=0x000000556f1fd098,  free space=1012k
Native frames: (J=compiled Java code, j=interpreted, Vv=VM code, C=native code)
C  0x0000016afc5d28c2


siginfo: EXCEPTION_ACCESS_VIOLATION (0xc0000005), reading address 0xffffffffffffffff


Registers:
RAX=0x0000016afc5ac4fa, RBX=0x004e000000010002, RCX=0x000000556f1fd0a0, RDX=0x0000000000000002
RSP=0x000000556f1fd098, RBP=0x000000556f1fd0e8, RSI=0x0000016a971d2028, RDI=0x0000016a991182b0
R8 =0x0000000000000004, R9 =0x0000000000000004, R10=0x0000000800737482, R11=0x0000000000000009
R12=0x0000000000000000, R13=0x000000556f1fd098, R14=0x000000556f1fd108, R15=0x0000016a98a7f960
RIP=0x0000016afc5d28c2, EFLAGS=0x0000000000010246


Register to memory mapping:

RIP=0x0000016afc5d28c2 is at begin+95 in a stub
MethodHandle::interpreter_entry::_linkToVirtual [0x0000016afc5d2863, 0x0000016afc5d28ca] (103 bytes)
RAX=0x0000016afc5ac4fa is at code_begin+4346 in an Interpreter codelet
return entry points  [0x0000016afc5ab400, 0x0000016afc5ad200]  7680 bytes
RBX=0x004e000000010002 is an unknown value
RCX=0x000000556f1fd0a0 is pointing into the stack for thread: 0x0000016a98a7f960
RDX=0x0000000000000002 is an unknown value
RSP=0x000000556f1fd098 is pointing into the stack for thread: 0x0000016a98a7f960
RBP=0x000000556f1fd0e8 is pointing into the stack for thread: 0x0000016a98a7f960
RSI=0x0000016a971d2028 points into unknown readable memory: 0x8000100019648517 | 17 85 64 19 00 10 00 80
RDI=0x0000016a991182b0 points into unknown readable memory: 0x0000001800000060 | 60 00 00 00 18 00 00 00
R8 =0x0000000000000004 is an unknown value
R9 =0x0000000000000004 is an unknown value
R10=0x0000000800737482 is pointing into metadata
R11=0x0000000000000009 is an unknown value
R12=0x0 is NULL
R13=0x000000556f1fd098 is pointing into the stack for thread: 0x0000016a98a7f960
R14=0x000000556f1fd108 is pointing into the stack for thread: 0x0000016a98a7f960
R15=0x0000016a98a7f960 is a thread


Top of Stack: (sp=0x000000556f1fd098)
0x000000556f1fd098:   0000016afc5ac4fa 000000556f1fd0a0
0x000000556f1fd0a8:   0000000800737482 000000556f1fd108
0x000000556f1fd0b8:   00000008000d55c8 0000000800000037
0x000000556f1fd0c8:   0000000722669200 00000008000d8108
0x000000556f1fd0d8:   000000556f1fd098 000000556f1fd110
0x000000556f1fd0e8:   000000556f1fd428 0000016afcc1bdb6
0x000000556f1fd0f8:   0000000727342128 0000000723f22d60
0x000000556f1fd108:   0000000727342278 0000000727342470
0x000000556f1fd118:   0000000000000000 000000556f1fd428
0x000000556f1fd128:   0000016afc961644 0000000727342448
0x000000556f1fd138:   0000000723f22d60 00000007273423f8
0x000000556f1fd148:   0000000727342278 0000000723f22d60
0x000000556f1fd158:   0000016afcc1bcd4 000000556f1fd428
0x000000556f1fd168:   0000016afcc948e6 0000000723909bb0
0x000000556f1fd178:   fffffffe00000000 0000000000000000
0x000000556f1fd188:   0000000000000000 0000016a98a7f960 

Instructions: (pc=0x0000016afc5d28c2)
0x0000016afc5d27c2:   5d fc 6a 01 00 00 80 38 5d fc 6a 01 00 00 f8 27
0x0000016afc5d27d2:   5d fc 6a 01 00 00 f8 27 5d fc 6a 01 00 00 00 00
0x0000016afc5d27e2:   00 00 00 00 00 00 00 00 00 00 00 00 00 00 48 3b
0x0000016afc5d27f2:   8b 1c fb 7f 00 00 00 00 00 00 00 00 00 00 f4 66
0x0000016afc5d2802:   66 66 0f 1f 84 00 00 00 00 00 66 66 0f 1f 84 00
0x0000016afc5d2812:   00 00 00 00 66 66 0f 1f 84 00 00 00 00 00 48 8b
0x0000016afc5d2822:   53 08 0f b7 52 2c 48 8b 0c d4 8b 59 14 48 c1 e3
0x0000016afc5d2832:   03 8b 5b 28 48 c1 e3 03 8b 5b 24 48 c1 e3 03 48
0x0000016afc5d2842:   8b 5b 10 48 85 db 0f 84 10 00 00 00 41 80 bf f8
0x0000016afc5d2852:   04 00 00 00 74 03 ff 63 38 ff 63 50 e9 9d 16 00
0x0000016afc5d2862:   00 66 66 66 0f 1f 84 00 00 00 00 00 66 0f 1f 84
0x0000016afc5d2872:   00 00 00 00 00 66 0f 1f 84 00 00 00 00 00 48 8b
0x0000016afc5d2882:   53 08 0f b7 52 2c 48 8b 0c d4 58 5b 50 44 8b 51
0x0000016afc5d2892:   08 49 bb 00 00 00 00 08 00 00 00 4d 03 d3 4c 8b
0x0000016afc5d28a2:   5b 10 4b 8b 9c da b8 01 00 00 48 85 db 0f 84 10
0x0000016afc5d28b2:   00 00 00 41 80 bf f8 04 00 00 00 74 03 ff 63 38
0x0000016afc5d28c2:   ff 63 50 e9 36 16 00 00 66 66 66 0f 1f 84 00 00
0x0000016afc5d28d2:   00 00 00 66 66 66 0f 1f 84 00 00 00 00 00 58 5b
0x0000016afc5d28e2:   50 8b 5b 24 48 c1 e3 03 48 8b 5b 10 48 85 db 0f
0x0000016afc5d28f2:   84 10 00 00 00 41 80 bf f8 04 00 00 00 74 03 ff
0x0000016afc5d2902:   63 38 ff 63 50 e9 f4 15 00 00 66 66 0f 1f 84 00
0x0000016afc5d2912:   00 00 00 00 66 66 0f 1f 84 00 00 00 00 00 48 8b
0x0000016afc5d2922:   53 08 0f b7 52 2c 48 8b 0c d4 58 5b 50 48 3b 01
0x0000016afc5d2932:   8b 5b 24 48 c1 e3 03 48 8b 5b 10 48 85 db 0f 84
0x0000016afc5d2942:   10 00 00 00 41 80 bf f8 04 00 00 00 74 03 ff 63
0x0000016afc5d2952:   38 ff 63 50 e9 a5 15 00 00 0f 1f 44 00 00 48 8b
0x0000016afc5d2962:   53 08 0f b7 52 2c 48 8b 0c d4 58 5b 50 44 8b 51
0x0000016afc5d2972:   08 49 bb 00 00 00 00 08 00 00 00 4d 03 d3 8b 43
0x0000016afc5d2982:   18 48 c1 e0 03 48 8b 40 10 48 8b 5b 10 45 8b 9a
0x0000016afc5d2992:   a0 00 00 00 4f 8d 9c da b8 01 00 00 4d 8d 14 da
0x0000016afc5d29a2:   49 8b 1b 48 3b c3 74 15 48 85 db 0f 84 32 00 00
0x0000016afc5d29b2:   00 49 83 c3 10 49 8b 1b 48 3b c3 75 eb 45 8b 5b 


Stack slot to memory mapping:
stack at sp + 0 slots: 0x0000016afc5ac4fa is at code_begin+4346 in an Interpreter codelet
return entry points  [0x0000016afc5ab400, 0x0000016afc5ad200]  7680 bytes
stack at sp + 1 slots: 0x000000556f1fd0a0 is pointing into the stack for thread: 0x0000016a98a7f960
stack at sp + 2 slots: 0x0000000800737482 is pointing into metadata
stack at sp + 3 slots: 0x000000556f1fd108 is pointing into the stack for thread: 0x0000016a98a7f960
stack at sp + 4 slots: 0x00000008000d55c8 is pointing into metadata
stack at sp + 5 slots: 0x0000000800000037 is pointing into metadata
stack at sp + 6 slots: 0x0000000722669200 is an oop: java.lang.Class 
{0x0000000722669200} - klass: 'java/lang/Class'
 - ---- fields (total size 14 words):
 - private volatile transient 'classRedefinedCount' 'I' @12  0
 - abstract internal 'klass' 'J' @16  34360611240 (d51a8 8)
 - abstract internal 'array_klass' 'J' @24  0 (0 0)
 - abstract internal 'oop_size' 'I' @32  14 (e)
 - abstract internal 'static_oop_field_count' 'I' @36  0
 - private volatile transient 'cachedConstructor' 'Ljava/lang/reflect/Constructor;' @40  NULL (0)
 - private transient 'name' 'Ljava/lang/String;' @44  "java.lang.invoke.DirectMethodHandle$Holder"{0x0000000722669270} (e44cd24e)
 - private transient 'module' 'Ljava/lang/Module;' @48  a 'java/lang/Module'{0x000000072267fd08} (e44cffa1)
 - private final 'classLoader' 'Ljava/lang/ClassLoader;' @52  NULL (0)
 - private transient 'classData' 'Ljava/lang/Object;' @56  NULL (0)
 - private transient 'packageName' 'Ljava/lang/String;' @60  NULL (0)
 - private final 'componentType' 'Ljava/lang/Class;' @64  NULL (0)
 - private volatile transient 'reflectionData' 'Ljava/lang/ref/SoftReference;' @68  NULL (0)
 - private volatile transient 'genericInfo' 'Lsun/reflect/generics/repository/ClassRepository;' @72  NULL (0)
 - private volatile transient 'enumConstants' '[Ljava/lang/Object;' @76  NULL (0)
 - private volatile transient 'enumConstantDirectory' 'Ljava/util/Map;' @80  NULL (0)
 - private volatile transient 'annotationData' 'Ljava/lang/Class$AnnotationData;' @84  NULL (0)
 - private volatile transient 'annotationType' 'Lsun/reflect/annotation/AnnotationType;' @88  NULL (0)
 - transient 'classValueMap' 'Ljava/lang/ClassValue$ClassValueMap;' @92  NULL (0)
 - abstract internal 'protection_domain' 'Ljava/lang/Object;' @96  NULL (0)
 - abstract internal 'signers_name' 'Ljava/lang/Object;' @100  NULL (0)
 - abstract internal 'source_file' 'Ljava/lang/Object;' @104  NULL (0)
 - signature: Ljava/lang/invoke/DirectMethodHandle$Holder;
 - ---- static fields (0):
stack at sp + 7 slots: {method} {0x00000008000d8110} 'invokeVirtual' '(Ljava/lang/Object;Ljava/lang/Object;)Ljava/lang/Object;' in 'java/lang/invoke/DirectMethodHandle$Holder'

MethodHandle::interpreter_entry::_linkToVirtual [0x0000016afc5d2863, 0x0000016afc5d28ca] (103 bytes)
[MachCode]
  0x0000016afc5d2863: 6666 660f | 1f84 0000 | 0000 0066 | 0f1f 8400 | 0000 0000 | 660f 1f84 | 0000 0000 | 0048 8b53 
  0x0000016afc5d2883: 080f b752 | 2c48 8b0c | d458 5b50 | 448b 5108 | 49bb 0000 | 0000 0800 | 0000 4d03 | d34c 8b5b 
  0x0000016afc5d28a3: 104b 8b9c | dab8 0100 | 0048 85db | 0f84 1000 | 0000 4180 | bff8 0400 | 0000 7403 | ff63 38ff 
  0x0000016afc5d28c3: 6350 e936 | 
[/MachCode]

---------------  P R O C E S S  ---------------

Threads class SMR info:
_java_thread_list=0x0000016a99d9ac30, length=35, elements={
0x0000016a92fca300, 0x0000016a92fcad00, 0x0000016a92fcda70, 0x0000016a92fcf320,
0x0000016a92fd1870, 0x0000016a92fd1fc0, 0x0000016a92fe2aa0, 0x0000016a92feb440,
0x0000016a971cbe60, 0x0000016a97215890, 0x0000016a97238de0, 0x0000016a97271c10,
0x0000016a978ffed0, 0x0000016a9894a930, 0x0000016a989d7830, 0x0000016a98a7feb0,
0x0000016a98a80ea0, 0x0000016a98a80950, 0x0000016a98a813f0, 0x0000016a98a81940,
0x0000016a98a7f410, 0x0000016a98a7eec0, 0x0000016a98a7f960, 0x0000016a98a823e0,
0x0000016a98a80400, 0x0000016a99dc6bd0, 0x0000016a99dc7120, 0x0000016a99dce0b0,
0x0000016a99dce600, 0x0000016a99dcdb60, 0x0000016a99dcbb80, 0x0000016a99dc7670,
0x0000016a99dc9100, 0x0000016a99dc7bc0, 0x0000016a99dc8110
}

Java Threads: ( => current thread )
  0x0000016a92fca300 JavaThread "Reference Handler" daemon [_thread_blocked, id=9096, stack(0x000000556ca00000,0x000000556cb00000)]
  0x0000016a92fcad00 JavaThread "Finalizer" daemon [_thread_blocked, id=23328, stack(0x000000556cb00000,0x000000556cc00000)]
  0x0000016a92fcda70 JavaThread "Signal Dispatcher" daemon [_thread_blocked, id=26920, stack(0x000000556cc00000,0x000000556cd00000)]
  0x0000016a92fcf320 JavaThread "Attach Listener" daemon [_thread_blocked, id=16108, stack(0x000000556cd00000,0x000000556ce00000)]
  0x0000016a92fd1870 JavaThread "Service Thread" daemon [_thread_blocked, id=30840, stack(0x000000556ce00000,0x000000556cf00000)]
  0x0000016a92fd1fc0 JavaThread "Monitor Deflation Thread" daemon [_thread_blocked, id=34452, stack(0x000000556cf00000,0x000000556d000000)]
  0x0000016a92fe2aa0 JavaThread "C1 CompilerThread0" daemon [_thread_blocked, id=8728, stack(0x000000556d000000,0x000000556d100000)]
  0x0000016a92feb440 JavaThread "Sweeper thread" daemon [_thread_blocked, id=11328, stack(0x000000556d100000,0x000000556d200000)]
  0x0000016a971cbe60 JavaThread "Common-Cleaner" daemon [_thread_blocked, id=33508, stack(0x000000556d200000,0x000000556d300000)]
  0x0000016a97215890 JavaThread "JDWP Transport Listener: dt_socket" daemon [_thread_blocked, id=7856, stack(0x000000556d600000,0x000000556d700000)]
  0x0000016a97238de0 JavaThread "JDWP Event Helper Thread" daemon [_thread_blocked, id=34492, stack(0x000000556d700000,0x000000556d800000)]
  0x0000016a97271c10 JavaThread "Notification Thread" daemon [_thread_blocked, id=36184, stack(0x000000556d900000,0x000000556da00000)]
  0x0000016a978ffed0 JavaThread "RMI TCP Accept-0" daemon [_thread_in_native, id=22668, stack(0x000000556da00000,0x000000556db00000)]
  0x0000016a9894a930 JavaThread "RMI TCP Connection(idle)" daemon [_thread_blocked, id=25444, stack(0x000000556e500000,0x000000556e600000)]
  0x0000016a989d7830 JavaThread "RMI Scheduler(0)" daemon [_thread_blocked, id=10668, stack(0x000000556e600000,0x000000556e700000)]
  0x0000016a98a7feb0 JavaThread "Catalina-utility-1" [_thread_blocked, id=12352, stack(0x000000556e700000,0x000000556e800000)]
  0x0000016a98a80ea0 JavaThread "Catalina-utility-2" [_thread_blocked, id=26820, stack(0x000000556ea00000,0x000000556eb00000)]
  0x0000016a98a80950 JavaThread "container-0" [_thread_blocked, id=31592, stack(0x000000556eb00000,0x000000556ec00000)]
  0x0000016a98a813f0 JavaThread "mysql-cj-abandoned-connection-cleanup" daemon [_thread_blocked, id=24964, stack(0x000000556ec00000,0x000000556ed00000)]
  0x0000016a98a81940 JavaThread "HikariPool-1 housekeeper" daemon [_thread_blocked, id=35676, stack(0x000000556ee00000,0x000000556ef00000)]
  0x0000016a98a7f410 JavaThread "HikariPool-1 connection adder" daemon [_thread_blocked, id=33424, stack(0x000000556ef00000,0x000000556f000000)]
  0x0000016a98a7eec0 JavaThread "http-nio-8080-exec-1" daemon [_thread_blocked, id=32624, stack(0x000000556f000000,0x000000556f100000)]
=>0x0000016a98a7f960 JavaThread "http-nio-8080-exec-2" daemon [_thread_in_Java, id=30628, stack(0x000000556f100000,0x000000556f200000)]
  0x0000016a98a823e0 JavaThread "http-nio-8080-exec-3" daemon [_thread_blocked, id=3736, stack(0x000000556f200000,0x000000556f300000)]
  0x0000016a98a80400 JavaThread "http-nio-8080-exec-4" daemon [_thread_blocked, id=24460, stack(0x000000556f300000,0x000000556f400000)]
  0x0000016a99dc6bd0 JavaThread "http-nio-8080-exec-5" daemon [_thread_blocked, id=20696, stack(0x000000556f400000,0x000000556f500000)]
  0x0000016a99dc7120 JavaThread "http-nio-8080-exec-6" daemon [_thread_blocked, id=24620, stack(0x000000556f500000,0x000000556f600000)]
  0x0000016a99dce0b0 JavaThread "http-nio-8080-exec-7" daemon [_thread_blocked, id=36836, stack(0x000000556f600000,0x000000556f700000)]
  0x0000016a99dce600 JavaThread "http-nio-8080-exec-8" daemon [_thread_blocked, id=26932, stack(0x000000556f700000,0x000000556f800000)]
  0x0000016a99dcdb60 JavaThread "http-nio-8080-exec-9" daemon [_thread_blocked, id=4628, stack(0x000000556f800000,0x000000556f900000)]
  0x0000016a99dcbb80 JavaThread "http-nio-8080-exec-10" daemon [_thread_blocked, id=29464, stack(0x000000556f900000,0x000000556fa00000)]
  0x0000016a99dc7670 JavaThread "http-nio-8080-Poller" daemon [_thread_in_native, id=17884, stack(0x000000556fa00000,0x000000556fb00000)]
  0x0000016a99dc9100 JavaThread "http-nio-8080-Acceptor" daemon [_thread_in_native, id=30612, stack(0x000000556fb00000,0x000000556fc00000)]
  0x0000016a99dc7bc0 JavaThread "DestroyJavaVM" [_thread_blocked, id=10528, stack(0x000000556c300000,0x000000556c400000)]
  0x0000016a99dc8110 JavaThread "RMI TCP Connection(idle)" daemon [_thread_blocked, id=22816, stack(0x000000556fc00000,0x000000556fd00000)]

Other Threads:
  0x0000016a92fb1bf0 VMThread "VM Thread" [stack: 0x000000556c900000,0x000000556ca00000] [id=23224] _threads_hazard_ptr=0x0000016a99d9ac30
  0x0000016a9781cd40 WatcherThread "VM Periodic Task Thread" [stack: 0x000000556db00000,0x000000556dc00000] [id=33024]
  0x0000016afad2b720 WorkerThread "GC Thread#0" [stack: 0x000000556c400000,0x000000556c500000] [id=9560]
  0x0000016a9797aca0 WorkerThread "GC Thread#1" [stack: 0x000000556dc00000,0x000000556dd00000] [id=25732]
  0x0000016a9793e810 WorkerThread "GC Thread#2" [stack: 0x000000556dd00000,0x000000556de00000] [id=35516]
  0x0000016a9793eae0 WorkerThread "GC Thread#3" [stack: 0x000000556de00000,0x000000556df00000] [id=29512]
  0x0000016a9797bdd0 WorkerThread "GC Thread#4" [stack: 0x000000556df00000,0x000000556e000000] [id=12244]
  0x0000016a9797b830 WorkerThread "GC Thread#5" [stack: 0x000000556e000000,0x000000556e100000] [id=30180]
  0x0000016a9797cbe0 WorkerThread "GC Thread#6" [stack: 0x000000556e100000,0x000000556e200000] [id=14976]
  0x0000016a9797c640 WorkerThread "GC Thread#7" [stack: 0x000000556e200000,0x000000556e300000] [id=17928]
  0x0000016a9797c910 WorkerThread "GC Thread#8" [stack: 0x000000556e300000,0x000000556e400000] [id=21860]
  0x0000016a9797bb00 WorkerThread "GC Thread#9" [stack: 0x000000556e400000,0x000000556e500000] [id=35252]
  0x0000016afad3a4f0 ConcurrentGCThread "G1 Main Marker" [stack: 0x000000556c500000,0x000000556c600000] [id=19748]
  0x0000016afad3ae30 WorkerThread "G1 Conc#0" [stack: 0x000000556c600000,0x000000556c700000] [id=25884]
  0x0000016a9797c0a0 WorkerThread "G1 Conc#1" [stack: 0x000000556e800000,0x000000556e900000] [id=13296]
  0x0000016a9797c370 WorkerThread "G1 Conc#2" [stack: 0x000000556e900000,0x000000556ea00000] [id=14676]
  0x0000016a92e64040 ConcurrentGCThread "G1 Refine#0" [stack: 0x000000556c700000,0x000000556c800000] [id=17444]
  0x0000016a92e66850 ConcurrentGCThread "G1 Service" [stack: 0x000000556c800000,0x000000556c900000] [id=35280]

Threads with active compile tasks:

VM state: synchronizing (normal execution)

VM Mutex/Monitor currently owned by a thread:  ([mutex/lock_event])
[0x0000016afacbffb0] Threads_lock - owner thread: 0x0000016a92fb1bf0

Heap address: 0x0000000722400000, size: 3548 MB, Compressed Oops mode: Zero based, Oop shift amount: 3

CDS archive(s) mapped at: [0x0000000800000000-0x0000000800c40000-0x0000000800c40000), size 12845056, SharedBaseAddress: 0x0000000800000000, ArchiveRelocationMode: 0.
Compressed class space mapped at: 0x0000000801000000-0x0000000841000000, reserved size: 1073741824
Narrow klass base: 0x0000000800000000, Narrow klass shift: 0, Narrow klass range: 0x100000000

GC Precious Log:
 CardTable entry size: 512
 Card Set container configuration: InlinePtr #cards 4 size 8 Array Of Cards #cards 16 size 48 Howl #buckets 8 coarsen threshold 3686 Howl Bitmap #cards 512 size 80 coarsen threshold 460 Card regions per heap region 1 cards per card region 4096
 CPUs: 12 total, 12 available
 Memory: 14188M
 Large Page Support: Disabled
 NUMA Support: Disabled
 Compressed Oops: Enabled (Zero based)
 Heap Region Size: 2M
 Heap Min Capacity: 8M
 Heap Initial Capacity: 222M
 Heap Max Capacity: 3548M
 Pre-touch: Disabled
 Parallel Workers: 10
 Concurrent Workers: 3
 Concurrent Refinement Workers: 10
 Periodic GC: Disabled

Heap:
 garbage-first heap   total 90112K, used 34675K [0x0000000722400000, 0x0000000800000000)
  region size 2048K, 5 young (10240K), 1 survivors (2048K)
 Metaspace       used 64705K, committed 65472K, reserved 1114112K
  class space    used 8775K, committed 9152K, reserved 1048576K

Heap Regions: E=young(eden), S=young(survivor), O=old, HS=humongous(starts), HC=humongous(continues), CS=collection set, F=free, OA=open archive, CA=closed archive, TAMS=top-at-mark-start (previous, next)
|   0|0x0000000722400000, 0x0000000722600000, 0x0000000722600000|100%| O|  |TAMS 0x0000000722600000, 0x0000000722400000| Untracked 
|   1|0x0000000722600000, 0x0000000722800000, 0x0000000722800000|100%| O|  |TAMS 0x0000000722800000, 0x0000000722600000| Untracked 
|   2|0x0000000722800000, 0x0000000722a00000, 0x0000000722a00000|100%| O|  |TAMS 0x0000000722a00000, 0x0000000722800000| Untracked 
|   3|0x0000000722a00000, 0x0000000722c00000, 0x0000000722c00000|100%| O|  |TAMS 0x0000000722c00000, 0x0000000722a00000| Untracked 
|   4|0x0000000722c00000, 0x0000000722e00000, 0x0000000722e00000|100%| O|  |TAMS 0x0000000722e00000, 0x0000000722c00000| Untracked 
|   5|0x0000000722e00000, 0x0000000723000000, 0x0000000723000000|100%| O|  |TAMS 0x0000000723000000, 0x0000000722e00000| Untracked 
|   6|0x0000000723000000, 0x0000000723200000, 0x0000000723200000|100%| O|  |TAMS 0x0000000723200000, 0x0000000723000000| Untracked 
|   7|0x0000000723200000, 0x0000000723400000, 0x0000000723400000|100%| O|  |TAMS 0x0000000723400000, 0x0000000723200000| Untracked 
|   8|0x0000000723400000, 0x0000000723600000, 0x0000000723600000|100%| O|  |TAMS 0x0000000723600000, 0x0000000723400000| Untracked 
|   9|0x0000000723600000, 0x0000000723600000, 0x0000000723800000|  0%| F|  |TAMS 0x0000000723600000, 0x0000000723600000| Untracked 
|  10|0x0000000723800000, 0x0000000723a00000, 0x0000000723a00000|100%| O|  |TAMS 0x0000000723800000, 0x0000000723800000| Untracked 
|  11|0x0000000723a00000, 0x0000000723c00000, 0x0000000723c00000|100%| O|  |TAMS 0x0000000723a00000, 0x0000000723a00000| Untracked 
|  12|0x0000000723c00000, 0x0000000723e00000, 0x0000000723e00000|100%| O|  |TAMS 0x0000000723c00000, 0x0000000723c00000| Untracked 
|  13|0x0000000723e00000, 0x0000000724000000, 0x0000000724000000|100%| O|  |TAMS 0x0000000723e00000, 0x0000000723e00000| Untracked 
|  14|0x0000000724000000, 0x0000000724000000, 0x0000000724200000|  0%| F|  |TAMS 0x0000000724000000, 0x0000000724000000| Untracked 
|  15|0x0000000724200000, 0x0000000724200000, 0x0000000724400000|  0%| F|  |TAMS 0x0000000724200000, 0x0000000724200000| Untracked 
|  16|0x0000000724400000, 0x0000000724400000, 0x0000000724600000|  0%| F|  |TAMS 0x0000000724400000, 0x0000000724400000| Untracked 
|  17|0x0000000724600000, 0x0000000724600000, 0x0000000724800000|  0%| F|  |TAMS 0x0000000724600000, 0x0000000724600000| Untracked 
|  18|0x0000000724800000, 0x00000007248a8800, 0x0000000724a00000| 32%| O|  |TAMS 0x0000000724800000, 0x0000000724800000| Untracked 
|  19|0x0000000724a00000, 0x0000000724a00000, 0x0000000724c00000|  0%| F|  |TAMS 0x0000000724a00000, 0x0000000724a00000| Untracked 
|  20|0x0000000724c00000, 0x0000000724c00000, 0x0000000724e00000|  0%| F|  |TAMS 0x0000000724c00000, 0x0000000724c00000| Untracked 
|  21|0x0000000724e00000, 0x0000000724e00000, 0x0000000725000000|  0%| F|  |TAMS 0x0000000724e00000, 0x0000000724e00000| Untracked 
|  22|0x0000000725000000, 0x0000000725000000, 0x0000000725200000|  0%| F|  |TAMS 0x0000000725000000, 0x0000000725000000| Untracked 
|  23|0x0000000725200000, 0x0000000725200000, 0x0000000725400000|  0%| F|  |TAMS 0x0000000725200000, 0x0000000725200000| Untracked 
|  24|0x0000000725400000, 0x0000000725400000, 0x0000000725600000|  0%| F|  |TAMS 0x0000000725400000, 0x0000000725400000| Untracked 
|  25|0x0000000725600000, 0x0000000725600000, 0x0000000725800000|  0%| F|  |TAMS 0x0000000725600000, 0x0000000725600000| Untracked 
|  26|0x0000000725800000, 0x0000000725800000, 0x0000000725a00000|  0%| F|  |TAMS 0x0000000725800000, 0x0000000725800000| Untracked 
|  27|0x0000000725a00000, 0x0000000725a00000, 0x0000000725c00000|  0%| F|  |TAMS 0x0000000725a00000, 0x0000000725a00000| Untracked 
|  28|0x0000000725c00000, 0x0000000725c00000, 0x0000000725e00000|  0%| F|  |TAMS 0x0000000725c00000, 0x0000000725c00000| Untracked 
|  29|0x0000000725e00000, 0x0000000725e00000, 0x0000000726000000|  0%| F|  |TAMS 0x0000000725e00000, 0x0000000725e00000| Untracked 
|  30|0x0000000726000000, 0x0000000726000000, 0x0000000726200000|  0%| F|  |TAMS 0x0000000726000000, 0x0000000726000000| Untracked 
|  31|0x0000000726200000, 0x0000000726200000, 0x0000000726400000|  0%| F|  |TAMS 0x0000000726200000, 0x0000000726200000| Untracked 
|  32|0x0000000726400000, 0x0000000726400000, 0x0000000726600000|  0%| F|  |TAMS 0x0000000726400000, 0x0000000726400000| Untracked 
|  33|0x0000000726600000, 0x0000000726600000, 0x0000000726800000|  0%| F|  |TAMS 0x0000000726600000, 0x0000000726600000| Untracked 
|  34|0x0000000726800000, 0x0000000726800000, 0x0000000726a00000|  0%| F|  |TAMS 0x0000000726800000, 0x0000000726800000| Untracked 
|  35|0x0000000726a00000, 0x0000000726a00000, 0x0000000726c00000|  0%| F|  |TAMS 0x0000000726a00000, 0x0000000726a00000| Untracked 
|  36|0x0000000726c00000, 0x0000000726c00000, 0x0000000726e00000|  0%| F|  |TAMS 0x0000000726c00000, 0x0000000726c00000| Untracked 
|  37|0x0000000726e00000, 0x0000000726e00000, 0x0000000727000000|  0%| F|  |TAMS 0x0000000726e00000, 0x0000000726e00000| Untracked 
|  38|0x0000000727000000, 0x0000000727000000, 0x0000000727200000|  0%| F|  |TAMS 0x0000000727000000, 0x0000000727000000| Untracked 
|  39|0x0000000727200000, 0x000000072736a6d8, 0x0000000727400000| 70%| E|  |TAMS 0x0000000727200000, 0x0000000727200000| Complete 
|  40|0x0000000727400000, 0x0000000727600000, 0x0000000727600000|100%| E|CS|TAMS 0x0000000727400000, 0x0000000727400000| Complete 
|  41|0x0000000727600000, 0x0000000727800000, 0x0000000727800000|100%| E|CS|TAMS 0x0000000727600000, 0x0000000727600000| Complete 
|  42|0x0000000727800000, 0x0000000727934780, 0x0000000727a00000| 60%| S|CS|TAMS 0x0000000727800000, 0x0000000727800000| Complete 
| 110|0x0000000730000000, 0x0000000730200000, 0x0000000730200000|100%| E|CS|TAMS 0x0000000730000000, 0x0000000730000000| Complete 

Card table byte_map: [0x0000016a886a0000,0x0000016a88d90000] _byte_map_base: 0x0000016a84d8e000

Marking Bits (Prev, Next): (CMBitMap*) 0x0000016afad2bca0, (CMBitMap*) 0x0000016afad2bc60
 Prev Bits: [0x0000016a8cbf0000, 0x0000016a90360000)
 Next Bits: [0x0000016a89480000, 0x0000016a8cbf0000)

Polling page: 0x0000016afaa20000

Metaspace:

Usage:
  Non-class:     54.62 MB used.
      Class:      8.57 MB used.
       Both:     63.19 MB used.

Virtual space:
  Non-class space:       64.00 MB reserved,      55.00 MB ( 86%) committed,  1 nodes.
      Class space:        1.00 GB reserved,       8.94 MB ( <1%) committed,  1 nodes.
             Both:        1.06 GB reserved,      63.94 MB (  6%) committed. 

Chunk freelists:
   Non-Class:  640.00 KB
       Class:  3.08 MB
        Both:  3.70 MB

MaxMetaspaceSize: unlimited
CompressedClassSpaceSize: 1.00 GB
Initial GC threshold: 21.00 MB
Current GC threshold: 98.69 MB
CDS: on
MetaspaceReclaimPolicy: balanced
 - commit_granule_bytes: 65536.
 - commit_granule_words: 8192.
 - virtual_space_node_default_size: 8388608.
 - enlarge_chunks_in_place: 1.
 - new_chunks_are_fully_committed: 0.
 - uncommit_free_chunks: 1.
 - use_allocation_guard: 0.


Internal statistics:

num_allocs_failed_limit: 11.
num_arena_births: 1094.
num_arena_deaths: 0.
num_vsnodes_births: 2.
num_vsnodes_deaths: 0.
num_space_committed: 1023.
num_space_uncommitted: 0.
num_chunks_returned_to_freelist: 11.
num_chunks_taken_from_freelist: 3214.
num_chunk_merges: 11.
num_chunk_splits: 2383.
num_chunks_enlarged: 1903.
num_inconsistent_stats: 0.

CodeCache: size=49152Kb used=11323Kb max_used=12916Kb free=37829Kb
 bounds [0x0000016afc590000, 0x0000016afd230000, 0x0000016aff590000]
 total_blobs=6698 nmethods=5974 adapters=649
 compilation: enabled
              stopped_count=0, restarted_count=0
 full_count=0

Compilation events (20 events):
Event: 7.608 Thread 0x0000016a92fe2aa0 5966       1       org.springframework.boot.ansi.AnsiStyle::toString (5 bytes)
Event: 7.608 Thread 0x0000016a92fe2aa0 nmethod 5966 0x0000016afc879690 code [0x0000016afc879820, 0x0000016afc8798f8]
Event: 7.608 Thread 0x0000016a92fe2aa0 5963       1       java.time.temporal.ValueRange::getMaximum (5 bytes)
Event: 7.608 Thread 0x0000016a92fe2aa0 nmethod 5963 0x0000016afc879390 code [0x0000016afc879520, 0x0000016afc8795d8]
Event: 7.630 Thread 0x0000016a92fe2aa0 5967 %     1       java.util.Properties$LineReader::readLine @ 293 (584 bytes)
Event: 7.632 Thread 0x0000016a92fe2aa0 nmethod 5967% 0x0000016afc876c90 code [0x0000016afc876f20, 0x0000016afc878798]
Event: 7.632 Thread 0x0000016a92fe2aa0 5968       1       java.util.AbstractCollection::toArray (70 bytes)
Event: 7.633 Thread 0x0000016a92fe2aa0 nmethod 5968 0x0000016afc876490 code [0x0000016afc8766a0, 0x0000016afc876ac8]
Event: 7.633 Thread 0x0000016a92fe2aa0 5969       1       org.springframework.core.annotation.AnnotationTypeMapping::resolveAliasTarget (395 bytes)
Event: 7.636 Thread 0x0000016a92fe2aa0 nmethod 5969 0x0000016afc86f710 code [0x0000016afc86ffe0, 0x0000016afc8740d8]
Event: 7.636 Thread 0x0000016a92fe2aa0 5970       1       org.springframework.core.annotation.AnnotationTypeMapping::isCompatibleReturnType (19 bytes)
Event: 7.636 Thread 0x0000016a92fe2aa0 nmethod 5970 0x0000016afc86f310 code [0x0000016afc86f4c0, 0x0000016afc86f608]
Event: 7.636 Thread 0x0000016a92fe2aa0 5971       1       org.springframework.core.annotation.AnnotationTypeMapping::isAliasPair (17 bytes)
Event: 7.636 Thread 0x0000016a92fe2aa0 nmethod 5971 0x0000016afc86ef90 code [0x0000016afc86f120, 0x0000016afc86f218]
Event: 7.636 Thread 0x0000016a92fe2aa0 5972       1       org.springframework.core.annotation.AnnotationTypeMapping::isBetterConventionAnnotationValue (42 bytes)
Event: 7.636 Thread 0x0000016a92fe2aa0 nmethod 5972 0x0000016afc86eb10 code [0x0000016afc86ecc0, 0x0000016afc86ee58]
Event: 7.636 Thread 0x0000016a92fe2aa0 5973       1       org.springframework.core.annotation.AttributeMethods::isAttributeMethod (23 bytes)
Event: 7.636 Thread 0x0000016a92fe2aa0 nmethod 5973 0x0000016afc86e790 code [0x0000016afc86e920, 0x0000016afc86ea18]
Event: 34.350 Thread 0x0000016a92fe2aa0 5974       1       java.util.concurrent.ThreadPoolExecutor::runStateAtLeast (11 bytes)
Event: 34.351 Thread 0x0000016a92fe2aa0 nmethod 5974 0x0000016afc86e490 code [0x0000016afc86e620, 0x0000016afc86e6d8]

GC Heap History (20 events):
Event: 1.492 GC heap before
{Heap before GC invocations=5 (full 0):
 garbage-first heap   total 61440K, used 17776K [0x0000000722400000, 0x0000000800000000)
  region size 2048K, 3 young (6144K), 2 survivors (4096K)
 Metaspace       used 25649K, committed 26176K, reserved 1114112K
  class space    used 3379K, committed 3648K, reserved 1048576K
}
Event: 1.495 GC heap after
{Heap after GC invocations=6 (full 0):
 garbage-first heap   total 61440K, used 15891K [0x0000000722400000, 0x0000000800000000)
  region size 2048K, 1 young (2048K), 1 survivors (2048K)
 Metaspace       used 25649K, committed 26176K, reserved 1114112K
  class space    used 3379K, committed 3648K, reserved 1048576K
}
Event: 1.737 GC heap before
{Heap before GC invocations=6 (full 0):
 garbage-first heap   total 61440K, used 38419K [0x0000000722400000, 0x0000000800000000)
  region size 2048K, 13 young (26624K), 1 survivors (2048K)
 Metaspace       used 29612K, committed 30144K, reserved 1114112K
  class space    used 3898K, committed 4160K, reserved 1048576K
}
Event: 1.738 GC heap after
{Heap after GC invocations=7 (full 0):
 garbage-first heap   total 61440K, used 17439K [0x0000000722400000, 0x0000000800000000)
  region size 2048K, 2 young (4096K), 2 survivors (4096K)
 Metaspace       used 29612K, committed 30144K, reserved 1114112K
  class space    used 3898K, committed 4160K, reserved 1048576K
}
Event: 1.960 GC heap before
{Heap before GC invocations=7 (full 0):
 garbage-first heap   total 61440K, used 42015K [0x0000000722400000, 0x0000000800000000)
  region size 2048K, 14 young (28672K), 2 survivors (4096K)
 Metaspace       used 34506K, committed 35136K, reserved 1114112K
  class space    used 4575K, committed 4864K, reserved 1048576K
}
Event: 1.962 GC heap after
{Heap after GC invocations=8 (full 0):
 garbage-first heap   total 61440K, used 18500K [0x0000000722400000, 0x0000000800000000)
  region size 2048K, 2 young (4096K), 2 survivors (4096K)
 Metaspace       used 34506K, committed 35136K, reserved 1114112K
  class space    used 4575K, committed 4864K, reserved 1048576K
}
Event: 2.013 GC heap before
{Heap before GC invocations=8 (full 0):
 garbage-first heap   total 61440K, used 22596K [0x0000000722400000, 0x0000000800000000)
  region size 2048K, 5 young (10240K), 2 survivors (4096K)
 Metaspace       used 35534K, committed 36096K, reserved 1114112K
  class space    used 4776K, committed 5056K, reserved 1048576K
}
Event: 2.015 GC heap after
{Heap after GC invocations=9 (full 0):
 garbage-first heap   total 61440K, used 18847K [0x0000000722400000, 0x0000000800000000)
  region size 2048K, 1 young (2048K), 1 survivors (2048K)
 Metaspace       used 35534K, committed 36096K, reserved 1114112K
  class space    used 4776K, committed 5056K, reserved 1048576K
}
Event: 2.335 GC heap before
{Heap before GC invocations=10 (full 0):
 garbage-first heap   total 61440K, used 45471K [0x0000000722400000, 0x0000000800000000)
  region size 2048K, 14 young (28672K), 1 survivors (2048K)
 Metaspace       used 44651K, committed 45184K, reserved 1114112K
  class space    used 5897K, committed 6144K, reserved 1048576K
}
Event: 2.337 GC heap after
{Heap after GC invocations=11 (full 0):
 garbage-first heap   total 61440K, used 20789K [0x0000000722400000, 0x0000000800000000)
  region size 2048K, 2 young (4096K), 2 survivors (4096K)
 Metaspace       used 44651K, committed 45184K, reserved 1114112K
  class space    used 5897K, committed 6144K, reserved 1048576K
}
Event: 2.358 GC heap before
{Heap before GC invocations=11 (full 0):
 garbage-first heap   total 61440K, used 22837K [0x0000000722400000, 0x0000000800000000)
  region size 2048K, 3 young (6144K), 2 survivors (4096K)
 Metaspace       used 45118K, committed 45632K, reserved 1114112K
  class space    used 5957K, committed 6208K, reserved 1048576K
}
Event: 2.360 GC heap after
{Heap after GC invocations=12 (full 0):
 garbage-first heap   total 61440K, used 20687K [0x0000000722400000, 0x0000000800000000)
  region size 2048K, 1 young (2048K), 1 survivors (2048K)
 Metaspace       used 45118K, committed 45632K, reserved 1114112K
  class space    used 5957K, committed 6208K, reserved 1048576K
}
Event: 2.578 GC heap before
{Heap before GC invocations=12 (full 0):
 garbage-first heap   total 61440K, used 43215K [0x0000000722400000, 0x0000000800000000)
  region size 2048K, 13 young (26624K), 1 survivors (2048K)
 Metaspace       used 50393K, committed 51072K, reserved 1114112K
  class space    used 6714K, committed 7040K, reserved 1048576K
}
Event: 2.579 GC heap after
{Heap after GC invocations=13 (full 0):
 garbage-first heap   total 104448K, used 21689K [0x0000000722400000, 0x0000000800000000)
  region size 2048K, 1 young (2048K), 1 survivors (2048K)
 Metaspace       used 50393K, committed 51072K, reserved 1114112K
  class space    used 6714K, committed 7040K, reserved 1048576K
}
Event: 3.071 GC heap before
{Heap before GC invocations=13 (full 0):
 garbage-first heap   total 104448K, used 64697K [0x0000000722400000, 0x0000000800000000)
  region size 2048K, 24 young (49152K), 1 survivors (2048K)
 Metaspace       used 59816K, committed 60416K, reserved 1114112K
  class space    used 8018K, committed 8320K, reserved 1048576K
}
Event: 3.073 GC heap after
{Heap after GC invocations=14 (full 0):
 garbage-first heap   total 104448K, used 24029K [0x0000000722400000, 0x0000000800000000)
  region size 2048K, 2 young (4096K), 2 survivors (4096K)
 Metaspace       used 59816K, committed 60416K, reserved 1114112K
  class space    used 8018K, committed 8320K, reserved 1048576K
}
Event: 3.415 GC heap before
{Heap before GC invocations=15 (full 0):
 garbage-first heap   total 90112K, used 73181K [0x0000000722400000, 0x0000000800000000)
  region size 2048K, 26 young (53248K), 2 survivors (4096K)
 Metaspace       used 62865K, committed 63616K, reserved 1114112K
  class space    used 8538K, committed 8896K, reserved 1048576K
}
Event: 3.419 GC heap after
{Heap after GC invocations=16 (full 0):
 garbage-first heap   total 90112K, used 27803K [0x0000000722400000, 0x0000000800000000)
  region size 2048K, 4 young (8192K), 4 survivors (8192K)
 Metaspace       used 62865K, committed 63616K, reserved 1114112K
  class space    used 8538K, committed 8896K, reserved 1048576K
}
Event: 3.441 GC heap before
{Heap before GC invocations=16 (full 0):
 garbage-first heap   total 90112K, used 27803K [0x0000000722400000, 0x0000000800000000)
  region size 2048K, 5 young (10240K), 4 survivors (8192K)
 Metaspace       used 63075K, committed 63808K, reserved 1114112K
  class space    used 8566K, committed 8896K, reserved 1048576K
}
Event: 3.444 GC heap after
{Heap after GC invocations=17 (full 0):
 garbage-first heap   total 90112K, used 28531K [0x0000000722400000, 0x0000000800000000)
  region size 2048K, 1 young (2048K), 1 survivors (2048K)
 Metaspace       used 63075K, committed 63808K, reserved 1114112K
  class space    used 8566K, committed 8896K, reserved 1048576K
}

Dll operation events (13 events):
Event: 0.006 Loaded shared library C:\Program Files\Java\jdk-19\bin\java.dll
Event: 0.007 Loaded shared library C:\Program Files\Java\jdk-19\bin\zip.dll
Event: 0.013 Loaded shared library C:\Program Files\Java\jdk-19\bin\jsvml.dll
Event: 0.103 Loaded shared library C:\Program Files\Java\jdk-19\bin\instrument.dll
Event: 0.118 Loaded shared library C:\Program Files\Java\jdk-19\bin\jimage.dll
Event: 0.124 Loaded shared library C:\Program Files\Java\jdk-19\bin\net.dll
Event: 0.124 Loaded shared library C:\Program Files\Java\jdk-19\bin\nio.dll
Event: 0.127 Loaded shared library C:\Program Files\Java\jdk-19\bin\zip.dll
Event: 0.185 Loaded shared library C:\Program Files\Java\jdk-19\bin\management.dll
Event: 0.193 Loaded shared library C:\Program Files\Java\jdk-19\bin\management_ext.dll
Event: 0.392 Loaded shared library C:\Program Files\Java\jdk-19\bin\extnet.dll
Event: 0.418 Loaded shared library C:\Program Files\Java\jdk-19\bin\verify.dll
Event: 0.943 Loaded shared library C:\Program Files\Java\jdk-19\bin\sunmscapi.dll

Deoptimization events (20 events):
Event: 7.611 Thread 0x0000016a98a7f960 DEOPT PACKING pc=0x0000016afca4569c sp=0x000000556f1fc850
Event: 7.611 Thread 0x0000016a98a7f960 DEOPT UNPACKING pc=0x0000016afc5f7543 sp=0x000000556f1fbcf8 mode 1
Event: 7.611 Thread 0x0000016a98a7f960 DEOPT PACKING pc=0x0000016afca1a3e4 sp=0x000000556f1fd1d0
Event: 7.611 Thread 0x0000016a98a7f960 DEOPT UNPACKING pc=0x0000016afc5f7543 sp=0x000000556f1fc698 mode 1
Event: 7.611 Thread 0x0000016a98a7f960 DEOPT PACKING pc=0x0000016afcc7d604 sp=0x000000556f1fd260
Event: 7.611 Thread 0x0000016a98a7f960 DEOPT UNPACKING pc=0x0000016afc5f7543 sp=0x000000556f1fc870 mode 1
Event: 7.630 Thread 0x0000016a98a7f960 DEOPT PACKING pc=0x0000016afca46339 sp=0x000000556f1fc210
Event: 7.630 Thread 0x0000016a98a7f960 DEOPT UNPACKING pc=0x0000016afc5f7543 sp=0x000000556f1fb668 mode 1
Event: 7.630 Thread 0x0000016a98a7f960 DEOPT PACKING pc=0x0000016afca4569c sp=0x000000556f1fc2a0
Event: 7.630 Thread 0x0000016a98a7f960 DEOPT UNPACKING pc=0x0000016afc5f7543 sp=0x000000556f1fb758 mode 1
Event: 7.630 Thread 0x0000016a98a7f960 DEOPT PACKING pc=0x0000016afca46339 sp=0x000000556f1fc2e0
Event: 7.630 Thread 0x0000016a98a7f960 DEOPT UNPACKING pc=0x0000016afc5f7543 sp=0x000000556f1fb738 mode 1
Event: 7.630 Thread 0x0000016a98a7f960 DEOPT PACKING pc=0x0000016afca4569c sp=0x000000556f1fc370
Event: 7.630 Thread 0x0000016a98a7f960 DEOPT UNPACKING pc=0x0000016afc5f7543 sp=0x000000556f1fb828 mode 1
Event: 7.631 Thread 0x0000016a98a7f960 DEOPT PACKING pc=0x0000016afca46339 sp=0x000000556f1fc3a0
Event: 7.631 Thread 0x0000016a98a7f960 DEOPT UNPACKING pc=0x0000016afc5f7543 sp=0x000000556f1fb7f8 mode 1
Event: 7.631 Thread 0x0000016a98a7f960 DEOPT PACKING pc=0x0000016afca4569c sp=0x000000556f1fc430
Event: 7.631 Thread 0x0000016a98a7f960 DEOPT UNPACKING pc=0x0000016afc5f7543 sp=0x000000556f1fb8e8 mode 1
Event: 28.725 Thread 0x0000016a98a7f960 DEOPT PACKING pc=0x0000016afcca0724 sp=0x000000556f1fd0b0
Event: 28.725 Thread 0x0000016a98a7f960 DEOPT UNPACKING pc=0x0000016afc5f7543 sp=0x000000556f1fc558 mode 0

Classes loaded (20 events):
Event: 7.635 Loading class org/springframework/web/servlet/mvc/method/annotation/RequestMappingHandlerAdapter
Event: 7.635 Loading class org/springframework/web/servlet/mvc/method/annotation/RequestMappingHandlerAdapter done
Event: 7.636 Loading class org/springframework/web/servlet/mvc/method/annotation/ServletInvocableHandlerMethod$ConcurrentResultHandlerMethod
Event: 7.636 Loading class org/springframework/web/servlet/mvc/method/annotation/ServletInvocableHandlerMethod$ConcurrentResultHandlerMethod done
Event: 7.636 Loading class org/springframework/validation/support/BindingAwareModelMap
Event: 7.636 Loading class org/springframework/validation/support/BindingAwareModelMap done
Event: 7.636 Loading class org/springframework/ui/ExtendedModelMap
Event: 7.636 Loading class org/springframework/ui/ExtendedModelMap done
Event: 7.637 Loading class org/springframework/web/bind/support/SessionStatus
Event: 7.637 Loading class org/springframework/web/bind/support/SessionStatus done
Event: 7.638 Loading class org/springframework/web/bind/support/SimpleSessionStatus
Event: 7.638 Loading class org/springframework/web/bind/support/SimpleSessionStatus done
Event: 7.638 Loading class org/springframework/web/servlet/support/RequestContextUtils
Event: 7.638 Loading class org/springframework/web/servlet/support/RequestContextUtils done
Event: 7.639 Loading class org/springframework/ui/ModelMap
Event: 7.639 Loading class org/springframework/ui/ModelMap done
Event: 29.446 Loading class com/intellij/rt/debugger/BatchEvaluatorServer
Event: 29.446 Loading class com/intellij/rt/debugger/BatchEvaluatorServer done
Event: 34.350 Loading class org/apache/catalina/webresources/CachedResource
Event: 34.350 Loading class org/apache/catalina/webresources/CachedResource done

Classes unloaded (0 events):
No events

Classes redefined (0 events):
No events

Internal exceptions (20 events):
Event: 2.901 Thread 0x0000016afacc43f0 Exception <a 'java/lang/NoSuchMethodError'{0x0000000726d59b60}: 'java.lang.Object java.lang.invoke.DirectMethodHandle$Holder.invokeSpecial(java.lang.Object, java.lang.Object, java.lang.Object, java.lang.Object, java.lang.Object, java.lang.Object, java.lang.Object, java.lang.Object, int)'> (0x0000000726d59b60) 
thrown [s\open\src\hotspot\share\interpreter\linkResolver.cpp, line 774]
Event: 2.901 Thread 0x0000016afacc43f0 Exception <a 'java/lang/NoSuchMethodError'{0x0000000726d5e658}: 'java.lang.Object java.lang.invoke.Invokers$Holder.linkToTargetMethod(java.lang.Object, java.lang.Object, java.lang.Object, java.lang.Object, java.lang.Object, java.lang.Object, int, java.lang.Object)'> (0x0000000726d5e658) 
thrown [s\open\src\hotspot\share\interpreter\linkResolver.cpp, line 774]
Event: 2.982 Thread 0x0000016afacc43f0 Exception <a 'java/lang/NoSuchMethodError'{0x000000072675f6c0}: 'java.lang.Object java.lang.invoke.DirectMethodHandle$Holder.invokeSpecial(java.lang.Object, java.lang.Object, int, java.lang.Object, int)'> (0x000000072675f6c0) 
thrown [s\open\src\hotspot\share\interpreter\linkResolver.cpp, line 774]
Event: 3.025 Thread 0x0000016afacc43f0 Exception <a 'java/lang/IncompatibleClassChangeError'{0x0000000726008818}: Found class java.lang.Object, but interface was expected> (0x0000000726008818) 
thrown [s\open\src\hotspot\share\interpreter\linkResolver.cpp, line 841]
Event: 3.030 Thread 0x0000016afacc43f0 Exception <a 'java/lang/IncompatibleClassChangeError'{0x0000000726081110}: Found class java.lang.Object, but interface was expected> (0x0000000726081110) 
thrown [s\open\src\hotspot\share\interpreter\linkResolver.cpp, line 841]
Event: 3.045 Thread 0x0000016afacc43f0 Exception <a 'java/lang/IncompatibleClassChangeError'{0x0000000725e206c0}: Found class java.lang.Object, but interface was expected> (0x0000000725e206c0) 
thrown [s\open\src\hotspot\share\interpreter\linkResolver.cpp, line 841]
Event: 3.125 Thread 0x0000016afacc43f0 Exception <a 'java/lang/IncompatibleClassChangeError'{0x000000072770e6a8}: Found class java.lang.Object, but interface was expected> (0x000000072770e6a8) 
thrown [s\open\src\hotspot\share\interpreter\linkResolver.cpp, line 841]
Event: 3.203 Thread 0x0000016afacc43f0 Exception <a 'java/lang/NoSuchMethodError'{0x0000000726749f50}: 'java.lang.Object java.lang.invoke.DirectMethodHandle$Holder.newInvokeSpecial(java.lang.Object, java.lang.Object, java.lang.Object, java.lang.Object, java.lang.Object, java.lang.Object, java.lang.Object, java.lang.Object)'> (0x0000000726749f50) 
thrown [s\open\src\hotspot\share\interpreter\linkResolver.cpp, line 774]
Event: 3.272 Thread 0x0000016afacc43f0 Exception <a 'sun/nio/fs/WindowsException'{0x0000000725e81558}> (0x0000000725e81558) 
thrown [s\open\src\hotspot\share\prims\jni.cpp, line 517]
Event: 3.296 Thread 0x0000016afacc43f0 Exception <a 'java/lang/IncompatibleClassChangeError'{0x0000000725611408}: Found class java.lang.Object, but interface was expected> (0x0000000725611408) 
thrown [s\open\src\hotspot\share\interpreter\linkResolver.cpp, line 841]
Event: 3.318 Thread 0x0000016afacc43f0 Exception <a 'java/lang/NoSuchMethodError'{0x000000072540b318}: 'void java.lang.invoke.DirectMethodHandle$Holder.invokeVirtual(java.lang.Object, java.lang.Object, long)'> (0x000000072540b318) 
thrown [s\open\src\hotspot\share\interpreter\linkResolver.cpp, line 774]
Event: 3.353 Thread 0x0000016afacc43f0 Exception <a 'java/lang/NoSuchMethodError'{0x0000000725004fb8}: 'int java.lang.invoke.DirectMethodHandle$Holder.invokeStaticInit(java.lang.Object, java.lang.Object, java.lang.Object, java.lang.Object)'> (0x0000000725004fb8) 
thrown [s\open\src\hotspot\share\interpreter\linkResolver.cpp, line 774]
Event: 3.374 Thread 0x0000016afacc43f0 Exception <a 'java/lang/IncompatibleClassChangeError'{0x0000000724e0f6a0}: Found class java.lang.Object, but interface was expected> (0x0000000724e0f6a0) 
thrown [s\open\src\hotspot\share\interpreter\linkResolver.cpp, line 841]
Event: 3.435 Thread 0x0000016afacc43f0 Exception <a 'java/lang/NoSuchMethodError'{0x000000073017e8c0}: 'java.lang.Object java.lang.invoke.DirectMethodHandle$Holder.newInvokeSpecial(java.lang.Object, java.lang.Object, int, java.lang.Object, java.lang.Object)'> (0x000000073017e8c0) 
thrown [s\open\src\hotspot\share\interpreter\linkResolver.cpp, line 774]
Event: 3.435 Thread 0x0000016afacc43f0 Exception <a 'java/lang/NoSuchMethodError'{0x0000000730189b70}: 'java.lang.Object java.lang.invoke.DirectMethodHandle$Holder.invokeSpecial(java.lang.Object, java.lang.Object, int, java.lang.Object, int, java.lang.Object)'> (0x0000000730189b70) 
thrown [s\open\src\hotspot\share\interpreter\linkResolver.cpp, line 774]
Event: 3.436 Thread 0x0000016afacc43f0 Exception <a 'java/lang/NoSuchMethodError'{0x00000007301918c8}: 'java.lang.Object java.lang.invoke.DirectMethodHandle$Holder.newInvokeSpecial(java.lang.Object, java.lang.Object, int, java.lang.Object, int)'> (0x00000007301918c8) 
thrown [s\open\src\hotspot\share\interpreter\linkResolver.cpp, line 774]
Event: 3.436 Thread 0x0000016afacc43f0 Exception <a 'java/lang/NoSuchMethodError'{0x00000007301959e0}: 'java.lang.Object java.lang.invoke.DirectMethodHandle$Holder.invokeSpecial(java.lang.Object, java.lang.Object, java.lang.Object, int, java.lang.Object, int)'> (0x00000007301959e0) 
thrown [s\open\src\hotspot\share\interpreter\linkResolver.cpp, line 774]
Event: 3.711 Thread 0x0000016a99dc8110 Exception <a 'java/lang/NoSuchMethodError'{0x000000073018adc8}: 'java.lang.Object java.lang.invoke.DirectMethodHandle$Holder.invokeInterface(java.lang.Object, java.lang.Object, java.lang.Object, java.lang.Object, java.lang.Object, java.lang.Object, java.lang.Object)'> (0x000000073018adc8) 
thrown [s\open\src\hotspot\share\interpreter\linkResolver.cpp, line 774]
Event: 7.583 Thread 0x0000016a98a7eec0 Exception <a 'java/lang/NoSuchMethodError'{0x00000007277d2910}: 'java.lang.Object java.lang.invoke.DirectMethodHandle$Holder.invokeSpecial(java.lang.Object, java.lang.Object, java.lang.Object, java.lang.Object, java.lang.Object, long)'> (0x00000007277d2910) 
thrown [s\open\src\hotspot\share\interpreter\linkResolver.cpp, line 774]
Event: 7.583 Thread 0x0000016a98a7eec0 Exception <a 'java/lang/NoSuchMethodError'{0x00000007277d6360}: 'java.lang.Object java.lang.invoke.Invokers$Holder.linkToTargetMethod(java.lang.Object, java.lang.Object, java.lang.Object, long, java.lang.Object)'> (0x00000007277d6360) 
thrown [s\open\src\hotspot\share\interpreter\linkResolver.cpp, line 774]

VM Operations (20 events):
Event: 7.643 Executing VM operation: get/set locals done
Event: 14.605 Executing VM operation: ChangeBreakpoints
Event: 14.605 Executing VM operation: ChangeBreakpoints done
Event: 17.085 Executing VM operation: ChangeBreakpoints
Event: 17.085 Executing VM operation: ChangeBreakpoints done
Event: 17.803 Executing VM operation: ChangeBreakpoints
Event: 17.805 Executing VM operation: ChangeBreakpoints done
Event: 28.725 Executing VM operation: ChangeSingleStep
Event: 28.725 Executing VM operation: ChangeSingleStep done
Event: 28.725 Executing VM operation: ChangeSingleStep
Event: 28.725 Executing VM operation: ChangeSingleStep done
Event: 29.403 Executing VM operation: get/set locals
Event: 29.403 Executing VM operation: get/set locals done
Event: 29.403 Executing VM operation: get/set locals
Event: 29.403 Executing VM operation: get/set locals done
Event: 29.430 Executing VM operation: get/set locals
Event: 29.430 Executing VM operation: get/set locals done
Event: 30.439 Executing VM operation: Cleanup
Event: 30.439 Executing VM operation: Cleanup done
Event: 34.352 Executing VM operation: ChangeBreakpoints

Events (20 events):
Event: 3.440 Thread 0x0000016a99dc7120 Thread added: 0x0000016a99dc7120
Event: 3.440 Thread 0x0000016a99dce0b0 Thread added: 0x0000016a99dce0b0
Event: 3.440 Thread 0x0000016a99dce600 Thread added: 0x0000016a99dce600
Event: 3.440 Thread 0x0000016a99dcdb60 Thread added: 0x0000016a99dcdb60
Event: 3.440 Thread 0x0000016a99dcbb80 Thread added: 0x0000016a99dcbb80
Event: 3.452 Thread 0x0000016a99dc7670 Thread added: 0x0000016a99dc7670
Event: 3.453 Thread 0x0000016a99dc9100 Thread added: 0x0000016a99dc9100
Event: 3.463 Thread 0x0000016afacc43f0 Thread exited: 0x0000016afacc43f0
Event: 3.463 Thread 0x0000016a99dc7bc0 Thread added: 0x0000016a99dc7bc0
Event: 3.681 Thread 0x0000016a99dc8110 Thread added: 0x0000016a99dc8110
Event: 3.686 Thread 0x0000016a99dc8110 Thread exited: 0x0000016a99dc8110
Event: 3.707 Thread 0x0000016a99dc8110 Thread added: 0x0000016a99dc8110
Event: 3.708 Thread 0x0000016a99dc8bb0 Thread added: 0x0000016a99dc8bb0
Event: 3.713 Thread 0x0000016a99dc8bb0 Thread exited: 0x0000016a99dc8bb0
Event: 3.713 Thread 0x0000016a99dcc620 Thread added: 0x0000016a99dcc620
Event: 3.717 Thread 0x0000016a99dcc620 Thread exited: 0x0000016a99dcc620
Event: 6.221 Thread 0x0000016a971d3060 Thread exited: 0x0000016a971d3060
Event: 6.222 Thread 0x0000016a971d2ad0 Thread exited: 0x0000016a971d2ad0
Event: 6.222 Thread 0x0000016a971d2540 Thread exited: 0x0000016a971d2540
Event: 34.352 Thread 0x0000016a9723b340 Thread exited: 0x0000016a9723b340


Dynamic libraries:
0x00007ff6b8380000 - 0x00007ff6b8390000 	C:\Program Files\Java\jdk-19\bin\java.exe
0x00007ffbd6550000 - 0x00007ffbd6766000 	C:\WINDOWS\SYSTEM32\ntdll.dll
0x00007ffbd50b0000 - 0x00007ffbd5174000 	C:\WINDOWS\System32\KERNEL32.DLL
0x00007ffbd39e0000 - 0x00007ffbd3d86000 	C:\WINDOWS\System32\KERNELBASE.dll
0x00007ffbd3e50000 - 0x00007ffbd3f61000 	C:\WINDOWS\System32\ucrtbase.dll
0x00007ffba7060000 - 0x00007ffba7078000 	C:\Program Files\Java\jdk-19\bin\jli.dll
0x00007ffb97fc0000 - 0x00007ffb97fdb000 	C:\Program Files\Java\jdk-19\bin\VCRUNTIME140.dll
0x00007ffbd61a0000 - 0x00007ffbd6252000 	C:\WINDOWS\System32\ADVAPI32.dll
0x00007ffbd5940000 - 0x00007ffbd59e7000 	C:\WINDOWS\System32\msvcrt.dll
0x00007ffbd6440000 - 0x00007ffbd64e8000 	C:\WINDOWS\System32\sechost.dll
0x00007ffbd39b0000 - 0x00007ffbd39d8000 	C:\WINDOWS\System32\bcrypt.dll
0x00007ffbd43b0000 - 0x00007ffbd44c5000 	C:\WINDOWS\System32\RPCRT4.dll
0x00007ffbd5b40000 - 0x00007ffbd5ced000 	C:\WINDOWS\System32\USER32.dll
0x00007ffbd4100000 - 0x00007ffbd4126000 	C:\WINDOWS\System32\win32u.dll
0x00007ffbc27d0000 - 0x00007ffbc2a63000 	C:\WINDOWS\WinSxS\amd64_microsoft.windows.common-controls_6595b64144ccf1df_6.0.22621.3235_none_270f74e173860f98\COMCTL32.dll
0x00007ffbd6410000 - 0x00007ffbd6439000 	C:\WINDOWS\System32\GDI32.dll
0x00007ffbd3f70000 - 0x00007ffbd4088000 	C:\WINDOWS\System32\gdi32full.dll
0x00007ffbd3910000 - 0x00007ffbd39aa000 	C:\WINDOWS\System32\msvcp_win.dll
0x00007ffbcb710000 - 0x00007ffbcb71a000 	C:\WINDOWS\SYSTEM32\VERSION.dll
0x00007ffbd60d0000 - 0x00007ffbd6101000 	C:\WINDOWS\System32\IMM32.DLL
0x00007ffbc26a0000 - 0x00007ffbc26ac000 	C:\Program Files\Java\jdk-19\bin\vcruntime140_1.dll
0x00007ffb88530000 - 0x00007ffb885be000 	C:\Program Files\Java\jdk-19\bin\msvcp140.dll
0x00007ffb1bf40000 - 0x00007ffb1cc00000 	C:\Program Files\Java\jdk-19\bin\server\jvm.dll
0x00007ffbb07c0000 - 0x00007ffbb07c9000 	C:\WINDOWS\SYSTEM32\WSOCK32.dll
0x00007ffbd5a20000 - 0x00007ffbd5a91000 	C:\WINDOWS\System32\WS2_32.dll
0x00007ffbcbd00000 - 0x00007ffbcbd34000 	C:\WINDOWS\SYSTEM32\WINMM.dll
0x00007ffbd29c0000 - 0x00007ffbd29d8000 	C:\WINDOWS\SYSTEM32\kernel.appcore.dll
0x00007ffbbab90000 - 0x00007ffbbab9a000 	C:\Program Files\Java\jdk-19\bin\jimage.dll
0x00007ffbd1300000 - 0x00007ffbd1533000 	C:\WINDOWS\SYSTEM32\DBGHELP.DLL
0x00007ffbd5d40000 - 0x00007ffbd60c8000 	C:\WINDOWS\System32\combase.dll
0x00007ffbd5380000 - 0x00007ffbd5457000 	C:\WINDOWS\System32\OLEAUT32.dll
0x00007ffbb9a90000 - 0x00007ffbb9ac2000 	C:\WINDOWS\SYSTEM32\dbgcore.DLL
0x00007ffbd3890000 - 0x00007ffbd390a000 	C:\WINDOWS\System32\bcryptPrimitives.dll
0x00007ffb9f870000 - 0x00007ffb9f8ac000 	C:\Program Files\Java\jdk-19\bin\jdwp.dll
0x00007ffbcc0d0000 - 0x00007ffbcc0de000 	C:\Program Files\Java\jdk-19\bin\instrument.dll
0x00007ffb96f50000 - 0x00007ffb96f76000 	C:\Program Files\Java\jdk-19\bin\java.dll
0x00007ffb94db0000 - 0x00007ffb94dc8000 	C:\Program Files\Java\jdk-19\bin\zip.dll
0x00007ffb79790000 - 0x00007ffb79867000 	C:\Program Files\Java\jdk-19\bin\jsvml.dll
0x00007ffbd4530000 - 0x00007ffbd4d8d000 	C:\WINDOWS\System32\SHELL32.dll
0x00007ffbd1800000 - 0x00007ffbd20f8000 	C:\WINDOWS\SYSTEM32\windows.storage.dll
0x00007ffbd16c0000 - 0x00007ffbd17fe000 	C:\WINDOWS\SYSTEM32\wintypes.dll
0x00007ffbd5180000 - 0x00007ffbd5273000 	C:\WINDOWS\System32\SHCORE.dll
0x00007ffbd58e0000 - 0x00007ffbd593e000 	C:\WINDOWS\System32\shlwapi.dll
0x00007ffbd37c0000 - 0x00007ffbd37e6000 	C:\WINDOWS\SYSTEM32\profapi.dll
0x00007ffbbf5e0000 - 0x00007ffbbf5ec000 	C:\Program Files\Java\jdk-19\bin\dt_socket.dll
0x00007ffbd23d0000 - 0x00007ffbd23fd000 	C:\WINDOWS\SYSTEM32\IPHLPAPI.DLL
0x00007ffbd2e40000 - 0x00007ffbd2ea9000 	C:\WINDOWS\system32\mswsock.dll
0x00007ffb97930000 - 0x00007ffb97943000 	C:\Program Files\Java\jdk-19\bin\net.dll
0x00007ffbcc980000 - 0x00007ffbccab7000 	C:\WINDOWS\SYSTEM32\WINHTTP.dll
0x00007ffb96140000 - 0x00007ffb96156000 	C:\Program Files\Java\jdk-19\bin\nio.dll
0x00007ffbd2440000 - 0x00007ffbd2539000 	C:\WINDOWS\SYSTEM32\DNSAPI.dll
0x00007ffbd5a10000 - 0x00007ffbd5a19000 	C:\WINDOWS\System32\NSI.dll
0x00007ffbcbb30000 - 0x00007ffbcbb3a000 	C:\Windows\System32\rasadhlp.dll
0x00007ffbcba20000 - 0x00007ffbcbaa3000 	C:\WINDOWS\System32\fwpuclnt.dll
0x00007ffbafc60000 - 0x00007ffbafc6a000 	C:\Program Files\Java\jdk-19\bin\management.dll
0x00007ffbaa140000 - 0x00007ffbaa14b000 	C:\Program Files\Java\jdk-19\bin\management_ext.dll
0x00007ffbd5a00000 - 0x00007ffbd5a08000 	C:\WINDOWS\System32\PSAPI.DLL
0x00007ffbd30a0000 - 0x00007ffbd30bb000 	C:\WINDOWS\SYSTEM32\CRYPTSP.dll
0x00007ffbd2920000 - 0x00007ffbd2955000 	C:\WINDOWS\system32\rsaenh.dll
0x00007ffbd2f30000 - 0x00007ffbd2f5c000 	C:\WINDOWS\SYSTEM32\USERENV.dll
0x00007ffbd3090000 - 0x00007ffbd309c000 	C:\WINDOWS\SYSTEM32\CRYPTBASE.dll
0x00007ffbcc750000 - 0x00007ffbcc769000 	C:\WINDOWS\SYSTEM32\dhcpcsvc6.DLL
0x00007ffbcc730000 - 0x00007ffbcc74f000 	C:\WINDOWS\SYSTEM32\dhcpcsvc.DLL
0x00007ffb97fa0000 - 0x00007ffb97fb7000 	C:\WINDOWS\system32\napinsp.dll
0x00007ffb97d30000 - 0x00007ffb97d4b000 	C:\WINDOWS\system32\pnrpnsp.dll
0x00007ffb97bd0000 - 0x00007ffb97be1000 	C:\WINDOWS\System32\winrnr.dll
0x00007ffbcc110000 - 0x00007ffbcc125000 	C:\WINDOWS\system32\wshbth.dll
0x00007ffb97a00000 - 0x00007ffb97a21000 	C:\WINDOWS\system32\nlansp_c.dll
0x00007ffbb0190000 - 0x00007ffbb0198000 	C:\Program Files\Java\jdk-19\bin\extnet.dll
0x00007ffbafdc0000 - 0x00007ffbafdd0000 	C:\Program Files\Java\jdk-19\bin\verify.dll
0x00007ffba66a0000 - 0x00007ffba66ae000 	C:\Program Files\Java\jdk-19\bin\sunmscapi.dll
0x00007ffbd4130000 - 0x00007ffbd4296000 	C:\WINDOWS\System32\CRYPT32.dll
0x00007ffbd3230000 - 0x00007ffbd325e000 	C:\WINDOWS\SYSTEM32\ncrypt.dll
0x00007ffbd31f0000 - 0x00007ffbd3227000 	C:\WINDOWS\SYSTEM32\NTASN1.dll
0x00007ffbc0470000 - 0x00007ffbc0478000 	C:\WINDOWS\system32\wshunix.dll

dbghelp: loaded successfully - version: 4.0.5 - missing functions: none
symbol engine: initialized successfully - sym options: 0x614 - pdb path: .;C:\Program Files\Java\jdk-19\bin;C:\WINDOWS\SYSTEM32;C:\WINDOWS\WinSxS\amd64_microsoft.windows.common-controls_6595b64144ccf1df_6.0.22621.3235_none_270f74e173860f98;C:\Program Files\Java\jdk-19\bin\server

VM Arguments:
jvm_args: -agentlib:jdwp=transport=dt_socket,address=127.0.0.1:58611,suspend=y,server=n -XX:TieredStopAtLevel=1 -Dspring.output.ansi.enabled=always -Dcom.sun.management.jmxremote -Dspring.jmx.enabled=true -Dspring.liveBeansView.mbeanDomain -Dspring.application.admin.enabled=true -Dmanagement.endpoints.jmx.exposure.include=* -javaagent:C:\Users\user\AppData\Local\JetBrains\IntelliJIdea2022.3\captureAgent\debugger-agent.jar -Dfile.encoding=UTF-8 -Dsun.stdout.encoding=UTF-8 -Dsun.stderr.encoding=UTF-8 
java_command: com.example.ktpm.KtpmApplication
java_class_path (initial): D:\Code\Projects\KTPM\KTPM\target\classes;C:\Users\user\.m2\repository\org\springframework\boot\spring-boot-starter-data-jpa\3.2.4\spring-boot-starter-data-jpa-3.2.4.jar;C:\Users\user\.m2\repository\org\springframework\boot\spring-boot-starter-aop\3.2.4\spring-boot-starter-aop-3.2.4.jar;C:\Users\user\.m2\repository\org\springframework\spring-aop\6.1.5\spring-aop-6.1.5.jar;C:\Users\user\.m2\repository\org\aspectj\aspectjweaver\1.9.21\aspectjweaver-1.9.21.jar;C:\Users\user\.m2\repository\org\springframework\boot\spring-boot-starter-jdbc\3.2.4\spring-boot-starter-jdbc-3.2.4.jar;C:\Users\user\.m2\repository\com\zaxxer\HikariCP\5.0.1\HikariCP-5.0.1.jar;C:\Users\user\.m2\repository\org\springframework\spring-jdbc\6.1.5\spring-jdbc-6.1.5.jar;C:\Users\user\.m2\repository\org\hibernate\orm\hibernate-core\6.4.4.Final\hibernate-core-6.4.4.Final.jar;C:\Users\user\.m2\repository\jakarta\persistence\jakarta.persistence-api\3.1.0\jakarta.persistence-api-3.1.0.jar;C:\Users\user\.m2\repository\jakarta\transaction\jakarta.transaction-api\2.0.1\jakarta.transaction-api-2.0.1.jar;C:\Users\user\.m2\repository\org\jboss\logging\jboss-logging\3.5.3.Final\jboss-logging-3.5.3.Final.jar;C:\Users\user\.m2\repository\org\hibernate\common\hibernate-commons-annotations\6.0.6.Final\hibernate-commons-annotations-6.0.6.Final.jar;C:\Users\user\.m2\repository\io\smallrye\jandex\3.1.2\jandex-3.1.2.jar;C:\Users\user\.m2\repository\com\fasterxml\classmate\1.6.0\classmate-1.6.0.jar;C:\Users\user\.m2\repository\net\bytebuddy\byte-buddy\1.14.12\byte-buddy-1.14.12.jar;C:\Users\user\.m2\repository\org\glassfish\jaxb\jaxb-runtime\4.0.5\jaxb-runtime-4.0.5.jar;C:\Users\user\.m2\repository\org\glassfish\jaxb\jaxb-core\4.0.5\jaxb-core-4.0.5.jar;C:\Users\user\.m2\repository\org\eclipse\angus\angus-activation\2.0.2\angus-activation-2.0.2.jar;C:\Users\user\.m2\repository\org\glassfish\jaxb\txw2\4.0.5\txw2-4.0.5.jar;C:\Users\user\.m2\repository\com\sun\istack\istack-commons-runtime\4.1.2\istack-commons-runtime-4.1.2.jar;C:\Users\user\.m2\repository\jakarta\inject\jakarta.inject-api\2.0.1\jakarta.inject-api-2.0.1.jar;C:\Users\user\.m2\repository\org\antlr\antlr4-runtime\4.13.0\antlr4-runtime-4.13.0.jar;C:\Users\user\.m2\repository\org\springframework\data\spring-data-jpa\3.2.4\spring-data-jpa-3.2.4.jar;C:\Users\user\.m2\repository\org\springframework\data\spring-data-commons\3.2.4\spring-data-commons-3.2.4.jar;C:\Users\user\.m2\repository\org\springframework\spring-orm\6.1.5\spring-orm-6.1.5.jar;C:\Users\user\.m2\repository\org\springframework\spring-context\6.1.5\spring-context-6.1.5.jar;C:\Users\user\.m2\repository\org\springframework\spring-tx\6.1.5\spring-tx-6.1.5.jar;C:\Users\user\.m2\repository\org\springframework\spring-beans\6.1.5\spring-beans-6.1.5.jar;C:\Users\user\.m2\repository\jakarta\annotation\jakarta.annotation-api\2.1.1\jakarta.annotation-api-2.1.1.jar;C:\Users\user\.m2\repository\org\slf4j\slf4j-api\2.0.12\slf4j-api-2.0.12.jar;C:\Users\user\.m2\repository\org\springframework\spring-aspects\6.1.5\spring-aspects-6.1.5.jar;C:\Users\user\.m2\repository\commons-beanutils\commons-beanutils\1.9.2\commons-beanutils-1.9.2.jar;C:\Users\user\.m2\repository\commons-logging\commons-logging\1.1.1\commons-logging-1.1.1.jar;C:\Users\user\.m2\repository\commons-collections\commons-collections\3.2.1\commons-collections-3.2.1.jar;C:\Users\user\.m2\repository\org\mapstruct\mapstruct\1.5.3.Final\mapstruct-1.5.3.Final.jar;C:\Users\user\.m2\repository\org\mapstruct\mapstruct-processor\1.5.3.Final\mapstruct-processor-1.5.3.Final.jar;C:\Users\user\.m2\repository\org\springframework\boot\spring-boot-starter-web\3.2.4\spring-boot-starter-web-3.2.4.jar;C:\Users\user\.m2\repository\org\springframework\boot\spring-boot-starter\3.2.4\spring-boot-starter-3.2.4.jar;C:\Users\user\.m2\repository\org\springframework\boot\spring-boot\3.2.4\spring-boot-3.2.4.jar;C:\Users\user\.m2\repository\org\springframework\boot\spring-boot-autoconfigure\3.2.4\spring-boot-autoconfigure-3.2.4.jar;C:\Users\user\.m2\repository\org\springframework\boot\spring-boot-starter-logging\3.2.4\spring-boot-starter-logging-3.2.4.jar;C:\Users\user\.m2\repository\ch\qos\logback\logback-classic\1.4.14\logback-classic-1.4.14.jar;C:\Users\user\.m2\repository\ch\qos\logback\logback-core\1.4.14\logback-core-1.4.14.jar;C:\Users\user\.m2\repository\org\apache\logging\log4j\log4j-to-slf4j\2.21.1\log4j-to-slf4j-2.21.1.jar;C:\Users\user\.m2\repository\org\apache\logging\log4j\log4j-api\2.21.1\log4j-api-2.21.1.jar;C:\Users\user\.m2\repository\org\slf4j\jul-to-slf4j\2.0.12\jul-to-slf4j-2.0.12.jar;C:\Users\user\.m2\repository\org\yaml\snakeyaml\2.2\snakeyaml-2.2.jar;C:\Users\user\.m2\repository\org\springframework\boot\spring-boot-starter-json\3.2.4\spring-boot-starter-json-3.2.4.jar;C:\Users\user\.m2\repository\com\fasterxml\jackson\core\jackson-databind\2.15.4\jackson-databind-2.15.4.jar;C:\Users\user\.m2\repository\com\fasterxml\jackson\core\jackson-annotations\2.15.4\jackson-annotations-2.15.4.jar;C:\Users\user\.m2\repository\com\fasterxml\jackson\core\jackson-core\2.15.4\jackson-core-2.15.4.jar;C:\Users\user\.m2\repository\com\fasterxml\jackson\datatype\jackson-datatype-jdk8\2.15.4\jackson-datatype-jdk8-2.15.4.jar;C:\Users\user\.m2\repository\com\fasterxml\jackson\datatype\jackson-datatype-jsr310\2.15.4\jackson-datatype-jsr310-2.15.4.jar;C:\Users\user\.m2\repository\com\fasterxml\jackson\module\jackson-module-parameter-names\2.15.4\jackson-module-parameter-names-2.15.4.jar;C:\Users\user\.m2\repository\org\springframework\boot\spring-boot-starter-tomcat\3.2.4\spring-boot-starter-tomcat-3.2.4.jar;C:\Users\user\.m2\repository\org\apache\tomcat\embed\tomcat-embed-core\10.1.19\tomcat-embed-core-10.1.19.jar;C:\Users\user\.m2\repository\org\apache\tomcat\embed\tomcat-embed-el\10.1.19\tomcat-embed-el-10.1.19.jar;C:\Users\user\.m2\repository\org\apache\tomcat\embed\tomcat-embed-websocket\10.1.19\tomcat-embed-websocket-10.1.19.jar;C:\Users\user\.m2\repository\org\springframework\spring-web\6.1.5\spring-web-6.1.5.jar;C:\Users\user\.m2\repository\io\micrometer\micrometer-observation\1.12.4\micrometer-observation-1.12.4.jar;C:\Users\user\.m2\repository\io\micrometer\micrometer-commons\1.12.4\micrometer-commons-1.12.4.jar;C:\Users\user\.m2\repository\org\springframework\spring-webmvc\6.1.5\spring-webmvc-6.1.5.jar;C:\Users\user\.m2\repository\org\springframework\spring-expression\6.1.5\spring-expression-6.1.5.jar;C:\Users\user\.m2\repository\com\mysql\mysql-connector-j\8.3.0\mysql-connector-j-8.3.0.jar;C:\Users\user\.m2\repository\org\projectlombok\lombok\1.18.30\lombok-1.18.30.jar;C:\Users\user\.m2\repository\jakarta\xml\bind\jakarta.xml.bind-api\4.0.2\jakarta.xml.bind-api-4.0.2.jar;C:\Users\user\.m2\repository\jakarta\activation\jakarta.activation-api\2.1.3\jakarta.activation-api-2.1.3.jar;C:\Users\user\.m2\repository\org\springframework\spring-core\6.1.5\spring-core-6.1.5.jar;C:\Users\user\.m2\repository\org\springframework\spring-jcl\6.1.5\spring-jcl-6.1.5.jar;C:\Program Files\JetBrains\IntelliJ IDEA 2022.3.2\lib\idea_rt.jar
Launcher Type: SUN_STANDARD

[Global flags]
     intx CICompilerCount                          = 4                                         {product} {ergonomic}
     uint ConcGCThreads                            = 3                                         {product} {ergonomic}
     uint G1ConcRefinementThreads                  = 10                                        {product} {ergonomic}
   size_t G1HeapRegionSize                         = 2097152                                   {product} {ergonomic}
    uintx GCDrainStackTargetSize                   = 64                                        {product} {ergonomic}
   size_t InitialHeapSize                          = 232783872                                 {product} {ergonomic}
     bool ManagementServer                         = true                                      {product} {command line}
   size_t MarkStackSize                            = 4194304                                   {product} {ergonomic}
   size_t MaxHeapSize                              = 3720347648                                {product} {ergonomic}
   size_t MaxNewSize                               = 2231369728                                {product} {ergonomic}
   size_t MinHeapDeltaBytes                        = 2097152                                   {product} {ergonomic}
   size_t MinHeapSize                              = 8388608                                   {product} {ergonomic}
    uintx NonProfiledCodeHeapSize                  = 0                                      {pd product} {ergonomic}
     bool ProfileInterpreter                       = false                                  {pd product} {command line}
    uintx ProfiledCodeHeapSize                     = 0                                      {pd product} {ergonomic}
   size_t SoftMaxHeapSize                          = 3720347648                             {manageable} {ergonomic}
     intx TieredStopAtLevel                        = 1                                         {product} {command line}
     bool UseCompressedClassPointers               = true                           {product lp64_product} {ergonomic}
     bool UseCompressedOops                        = true                           {product lp64_product} {ergonomic}
     bool UseG1GC                                  = true                                      {product} {ergonomic}
     bool UseLargePagesIndividualAllocation        = false                                  {pd product} {ergonomic}

Logging:
Log output configuration:
 #0: stdout all=warning uptime,level,tags foldmultilines=false
 #1: stderr all=off uptime,level,tags foldmultilines=false

Environment Variables:
JAVA_HOME=C:\Program Files\Java\jdk-19
PATH=C:\Program Files\Python38\Scripts\;C:\Program Files\Python38\;C:\Python311\Scripts\;C:\Python311\;C:\Program Files\Common Files\Oracle\Java\javapath;C:\Program Files (x86)\VMware\VMware Player\bin\;C:\Program Files (x86)\Common Files\Intel\Shared Libraries\redist\intel64\compiler;C:\Windows\system32;C:\Windows;C:\Windows\System32\Wbem;C:\Windows\System32\WindowsPowerShell\v1.0\;C:\Windows\System32\OpenSSH\;C:\Program Files (x86)\NVIDIA Corporation\PhysX\Common;C:\Program Files\NVIDIA Corporation\NVIDIA NvDLISR;C:\WINDOWS\system32;C:\WINDOWS;C:\WINDOWS\System32\Wbem;C:\WINDOWS\System32\WindowsPowerShell\v1.0\;C:\WINDOWS\System32\OpenSSH\;C:\Users\user\Downloads;C:\Program Files (x86)\Microsoft SQL Server\150\Tools\Binn\;C:\Program Files\Microsoft SQL Server\150\Tools\Binn\;C:\Program Files\Microsoft SQL Server\150\DTS\Binn\;C:\Program Files (x86)\Microsoft SQL Server\150\DTS\Binn\;C:\Program Files\Microsoft SQL Server\Client SDK\ODBC\170\Tools\Binn\;C:\Program Files\dotnet\;C:\Program Files\nodejs\;C:\ProgramData\chocolatey\bin;C:\Program Files\Git\cmd;C:\Program Files\Java\jdk-19\bin;C:\Program Files (x86)\Microsoft SQL Server\160\DTS\Binn\;C:\Program Files (x86)\ZeroTier\One\;C:\Program Files\MySQL\MySQL Shell 8.0\bin\;C:\Users\user\AppData\Local\Microsoft\WindowsApps;C:\Users\user\AppData\Local\Programs\Microsoft VS Code\bin;C:\Program Files\Azure Data Studio\bin;C:\Users\user\AppData\Local\GitHubDesktop\bin;C:\Program Files\Java\jdk-19;C:\Users\user\AppData\Roaming\npm;C:\Program Files\JetBrains\PyCharm Edu 2022.2.2\bin;;C:\Users\user\.dotnet\tools
USERNAME=user
OS=Windows_NT
PROCESSOR_IDENTIFIER=AMD64 Family 25 Model 80 Stepping 0, AuthenticAMD
TMP=C:\Users\user\AppData\Local\Temp
TEMP=C:\Users\user\AppData\Local\Temp



---------------  S Y S T E M  ---------------

OS:
 Windows 11 , 64 bit Build 22621 (10.0.22621.3235)
OS uptime: 0 days 21:06 hours

CPU: total 12 (initial active 12) (12 cores per cpu, 2 threads per core) family 25 model 80 stepping 0 microcode 0x0, cx8, cmov, fxsr, ht, mmx, 3dnowpref, sse, sse2, sse3, ssse3, sse4a, sse4.1, sse4.2, popcnt, lzcnt, tsc, tscinvbit, avx, avx2, aes, erms, clmul, bmi1, bmi2, adx, sha, fma, vzeroupper, clflush, clflushopt, rdtscp, rdpid, fsrm

Memory: 4k page, system-wide physical 14188M (1652M free)
TotalPageFile size 37740M (AvailPageFile size 14407M)
current process WorkingSet (physical memory assigned to process): 238M, peak: 243M
current process commit charge ("private bytes"): 282M, peak: 353M

vm_info: Java HotSpot(TM) 64-Bit Server VM (19.0.2+7-44) for windows-amd64 JRE (19.0.2+7-44), built on 2022-11-30T18:02:09Z by "mach5one" with MS VC++ 17.1 (VS2022)

END.
